2021-07-07 11:53:43.543  INFO 11672 --- [restartedMain] com.cg.spring.boot.demo.Application      : Starting Application using Java 16.0.1 on DESKTOP-VSSUIEH with PID 11672 (C:\Users\darsh\Documents\workspace-spring-tool-suite-4-4.11.0.RELEASE\com.cg.spring.boot.demo.june2021-main\target\classes started by darsh in C:\Users\darsh\Documents\workspace-spring-tool-suite-4-4.11.0.RELEASE\com.cg.spring.boot.demo.june2021-main)
2021-07-07 11:53:43.546  INFO 11672 --- [restartedMain] com.cg.spring.boot.demo.Application      : No active profile set, falling back to default profiles: default
2021-07-07 11:53:43.604  INFO 11672 --- [restartedMain] .e.DevToolsPropertyDefaultsPostProcessor : Devtools property defaults active! Set 'spring.devtools.add-properties' to 'false' to disable
2021-07-07 11:53:43.605  INFO 11672 --- [restartedMain] .e.DevToolsPropertyDefaultsPostProcessor : For additional web related logging consider setting the 'logging.level.web' property to 'DEBUG'
2021-07-07 11:53:44.217  INFO 11672 --- [restartedMain] .s.d.r.c.RepositoryConfigurationDelegate : Bootstrapping Spring Data JPA repositories in DEFAULT mode.
2021-07-07 11:53:44.266  INFO 11672 --- [restartedMain] .s.d.r.c.RepositoryConfigurationDelegate : Finished Spring Data repository scanning in 40 ms. Found 1 JPA repository interfaces.
2021-07-07 11:53:44.738  INFO 11672 --- [restartedMain] o.s.b.w.embedded.tomcat.TomcatWebServer  : Tomcat initialized with port(s): 8082 (http)
2021-07-07 11:53:44.748  INFO 11672 --- [restartedMain] o.apache.catalina.core.StandardService   : Starting service [Tomcat]
2021-07-07 11:53:44.748  INFO 11672 --- [restartedMain] org.apache.catalina.core.StandardEngine  : Starting Servlet engine: [Apache Tomcat/9.0.48]
2021-07-07 11:53:44.832  INFO 11672 --- [restartedMain] o.a.c.c.C.[Tomcat].[localhost].[/]       : Initializing Spring embedded WebApplicationContext
2021-07-07 11:53:44.833  INFO 11672 --- [restartedMain] w.s.c.ServletWebServerApplicationContext : Root WebApplicationContext: initialization completed in 1228 ms
2021-07-07 11:53:45.031  INFO 11672 --- [restartedMain] o.hibernate.jpa.internal.util.LogHelper  : HHH000204: Processing PersistenceUnitInfo [name: default]
2021-07-07 11:53:45.107  INFO 11672 --- [restartedMain] org.hibernate.Version                    : HHH000412: Hibernate ORM core version 5.4.32.Final
2021-07-07 11:53:45.297  INFO 11672 --- [restartedMain] o.hibernate.annotations.common.Version   : HCANN000001: Hibernate Commons Annotations {5.1.2.Final}
2021-07-07 11:53:45.434  INFO 11672 --- [restartedMain] com.zaxxer.hikari.HikariDataSource       : HikariPool-1 - Starting...
2021-07-07 11:53:45.683  INFO 11672 --- [restartedMain] com.zaxxer.hikari.HikariDataSource       : HikariPool-1 - Start completed.
2021-07-07 11:53:45.709  INFO 11672 --- [restartedMain] org.hibernate.dialect.Dialect            : HHH000400: Using dialect: org.hibernate.dialect.PostgreSQLDialect
2021-07-07 11:53:46.588  INFO 11672 --- [restartedMain] o.h.e.t.j.p.i.JtaPlatformInitiator       : HHH000490: Using JtaPlatform implementation: [org.hibernate.engine.transaction.jta.platform.internal.NoJtaPlatform]
2021-07-07 11:53:46.597  INFO 11672 --- [restartedMain] j.LocalContainerEntityManagerFactoryBean : Initialized JPA EntityManagerFactory for persistence unit 'default'
2021-07-07 11:53:47.019  WARN 11672 --- [restartedMain] JpaBaseConfiguration$JpaWebConfiguration : spring.jpa.open-in-view is enabled by default. Therefore, database queries may be performed during view rendering. Explicitly configure spring.jpa.open-in-view to disable this warning
2021-07-07 11:53:47.336  INFO 11672 --- [restartedMain] o.s.b.d.a.OptionalLiveReloadServer       : LiveReload server is running on port 35729
2021-07-07 11:53:47.448  INFO 11672 --- [restartedMain] o.s.b.w.embedded.tomcat.TomcatWebServer  : Tomcat started on port(s): 8082 (http) with context path ''
2021-07-07 11:53:47.455  INFO 11672 --- [restartedMain] com.cg.spring.boot.demo.Application      : Started Application in 4.304 seconds (JVM running for 5.218)
2021-07-07 11:53:47.458  INFO 11672 --- [restartedMain] com.cg.spring.boot.demo.Application      : End
2021-07-07 11:54:12.802  INFO 11672 --- [http-nio-8082-exec-1] o.a.c.c.C.[Tomcat].[localhost].[/]       : Initializing Spring DispatcherServlet 'dispatcherServlet'
2021-07-07 11:54:12.803  INFO 11672 --- [http-nio-8082-exec-1] o.s.web.servlet.DispatcherServlet        : Initializing Servlet 'dispatcherServlet'
2021-07-07 11:54:12.803  INFO 11672 --- [http-nio-8082-exec-1] o.s.web.servlet.DispatcherServlet        : Completed initialization in 0 ms
2021-07-07 11:54:12.821  INFO 11672 --- [http-nio-8082-exec-1] com.cg.spring.boot.demo.Hello            : Hello world! INFO
2021-07-07 11:54:18.556  INFO 11672 --- [http-nio-8082-exec-3] c.c.s.b.d.controller.EmployeeController  : emp
2021-07-07 11:54:18.556  INFO 11672 --- [http-nio-8082-exec-3] c.c.s.boot.demo.service.EmployeeService  : findEmployeeById
2021-07-07 14:27:30.087  INFO 11672 --- [Thread-5] j.LocalContainerEntityManagerFactoryBean : Closing JPA EntityManagerFactory for persistence unit 'default'
2021-07-07 14:27:30.117  INFO 11672 --- [Thread-5] com.zaxxer.hikari.HikariDataSource       : HikariPool-1 - Shutdown initiated...
2021-07-07 14:27:30.121  INFO 11672 --- [Thread-5] com.zaxxer.hikari.HikariDataSource       : HikariPool-1 - Shutdown completed.
2021-07-07 14:27:30.384  INFO 11672 --- [restartedMain] com.cg.spring.boot.demo.Application      : Start
2021-07-07 14:27:32.314  INFO 11672 --- [restartedMain] com.cg.spring.boot.demo.Application      : Starting Application using Java 16.0.1 on DESKTOP-VSSUIEH with PID 11672 (C:\Users\darsh\Documents\workspace-spring-tool-suite-4-4.11.0.RELEASE\com.cg.spring.boot.demo.june2021-main\target\classes started by darsh in C:\Users\darsh\Documents\workspace-spring-tool-suite-4-4.11.0.RELEASE\com.cg.spring.boot.demo.june2021-main)
2021-07-07 14:27:32.314  INFO 11672 --- [restartedMain] com.cg.spring.boot.demo.Application      : No active profile set, falling back to default profiles: default
2021-07-07 14:27:32.476  INFO 11672 --- [restartedMain] .s.d.r.c.RepositoryConfigurationDelegate : Bootstrapping Spring Data JPA repositories in DEFAULT mode.
2021-07-07 14:27:32.483  INFO 11672 --- [restartedMain] .s.d.r.c.RepositoryConfigurationDelegate : Finished Spring Data repository scanning in 6 ms. Found 1 JPA repository interfaces.
2021-07-07 14:27:32.543  INFO 11672 --- [restartedMain] o.s.b.w.embedded.tomcat.TomcatWebServer  : Tomcat initialized with port(s): 8082 (http)
2021-07-07 14:27:32.544  INFO 11672 --- [restartedMain] o.apache.catalina.core.StandardService   : Starting service [Tomcat]
2021-07-07 14:27:32.544  INFO 11672 --- [restartedMain] org.apache.catalina.core.StandardEngine  : Starting Servlet engine: [Apache Tomcat/9.0.48]
2021-07-07 14:27:32.567  INFO 11672 --- [restartedMain] o.a.c.c.C.[Tomcat-1].[localhost].[/]     : Initializing Spring embedded WebApplicationContext
2021-07-07 14:27:32.567  INFO 11672 --- [restartedMain] w.s.c.ServletWebServerApplicationContext : Root WebApplicationContext: initialization completed in 251 ms
2021-07-07 14:27:32.598  INFO 11672 --- [restartedMain] o.hibernate.jpa.internal.util.LogHelper  : HHH000204: Processing PersistenceUnitInfo [name: default]
2021-07-07 14:27:32.603  INFO 11672 --- [restartedMain] com.zaxxer.hikari.HikariDataSource       : HikariPool-2 - Starting...
2021-07-07 14:27:32.645  INFO 11672 --- [restartedMain] com.zaxxer.hikari.HikariDataSource       : HikariPool-2 - Start completed.
2021-07-07 14:27:32.646  INFO 11672 --- [restartedMain] org.hibernate.dialect.Dialect            : HHH000400: Using dialect: org.hibernate.dialect.PostgreSQLDialect
2021-07-07 14:27:32.928  INFO 11672 --- [restartedMain] o.h.e.t.j.p.i.JtaPlatformInitiator       : HHH000490: Using JtaPlatform implementation: [org.hibernate.engine.transaction.jta.platform.internal.NoJtaPlatform]
2021-07-07 14:27:32.929  INFO 11672 --- [restartedMain] j.LocalContainerEntityManagerFactoryBean : Initialized JPA EntityManagerFactory for persistence unit 'default'
2021-07-07 14:27:33.015  WARN 11672 --- [restartedMain] JpaBaseConfiguration$JpaWebConfiguration : spring.jpa.open-in-view is enabled by default. Therefore, database queries may be performed during view rendering. Explicitly configure spring.jpa.open-in-view to disable this warning
2021-07-07 14:27:33.099  INFO 11672 --- [restartedMain] o.s.b.d.a.OptionalLiveReloadServer       : LiveReload server is running on port 35729
2021-07-07 14:27:33.109  INFO 11672 --- [restartedMain] o.s.b.w.embedded.tomcat.TomcatWebServer  : Tomcat started on port(s): 8082 (http) with context path ''
2021-07-07 14:27:33.112  INFO 11672 --- [restartedMain] com.cg.spring.boot.demo.Application      : Started Application in 0.826 seconds (JVM running for 9230.874)
2021-07-07 14:27:33.113  INFO 11672 --- [restartedMain] .ConditionEvaluationDeltaLoggingListener : Condition evaluation unchanged
2021-07-07 14:27:33.114  INFO 11672 --- [restartedMain] com.cg.spring.boot.demo.Application      : End
2021-07-07 14:42:47.185  INFO 11672 --- [Thread-7] j.LocalContainerEntityManagerFactoryBean : Closing JPA EntityManagerFactory for persistence unit 'default'
2021-07-07 14:42:47.186  INFO 11672 --- [Thread-7] com.zaxxer.hikari.HikariDataSource       : HikariPool-2 - Shutdown initiated...
2021-07-07 14:42:47.187  INFO 11672 --- [Thread-7] com.zaxxer.hikari.HikariDataSource       : HikariPool-2 - Shutdown completed.
2021-07-07 14:42:47.238  INFO 11672 --- [restartedMain] com.cg.spring.boot.demo.Application      : Start
2021-07-07 14:42:47.272  INFO 11672 --- [restartedMain] com.cg.spring.boot.demo.Application      : Starting Application using Java 16.0.1 on DESKTOP-VSSUIEH with PID 11672 (C:\Users\darsh\Documents\workspace-spring-tool-suite-4-4.11.0.RELEASE\com.cg.spring.boot.demo.june2021-main\target\classes started by darsh in C:\Users\darsh\Documents\workspace-spring-tool-suite-4-4.11.0.RELEASE\com.cg.spring.boot.demo.june2021-main)
2021-07-07 14:42:47.273  INFO 11672 --- [restartedMain] com.cg.spring.boot.demo.Application      : No active profile set, falling back to default profiles: default
2021-07-07 14:42:47.430  INFO 11672 --- [restartedMain] .s.d.r.c.RepositoryConfigurationDelegate : Bootstrapping Spring Data JPA repositories in DEFAULT mode.
2021-07-07 14:42:47.438  INFO 11672 --- [restartedMain] .s.d.r.c.RepositoryConfigurationDelegate : Finished Spring Data repository scanning in 6 ms. Found 1 JPA repository interfaces.
2021-07-07 14:42:47.509  INFO 11672 --- [restartedMain] o.s.b.w.embedded.tomcat.TomcatWebServer  : Tomcat initialized with port(s): 8082 (http)
2021-07-07 14:42:47.509  INFO 11672 --- [restartedMain] o.apache.catalina.core.StandardService   : Starting service [Tomcat]
2021-07-07 14:42:47.509  INFO 11672 --- [restartedMain] org.apache.catalina.core.StandardEngine  : Starting Servlet engine: [Apache Tomcat/9.0.48]
2021-07-07 14:42:47.528  INFO 11672 --- [restartedMain] o.a.c.c.C.[Tomcat-1].[localhost].[/]     : Initializing Spring embedded WebApplicationContext
2021-07-07 14:42:47.528  INFO 11672 --- [restartedMain] w.s.c.ServletWebServerApplicationContext : Root WebApplicationContext: initialization completed in 254 ms
2021-07-07 14:42:47.557  INFO 11672 --- [restartedMain] o.hibernate.jpa.internal.util.LogHelper  : HHH000204: Processing PersistenceUnitInfo [name: default]
2021-07-07 14:42:47.562  INFO 11672 --- [restartedMain] com.zaxxer.hikari.HikariDataSource       : HikariPool-3 - Starting...
2021-07-07 14:42:47.611  INFO 11672 --- [restartedMain] com.zaxxer.hikari.HikariDataSource       : HikariPool-3 - Start completed.
2021-07-07 14:42:47.612  INFO 11672 --- [restartedMain] org.hibernate.dialect.Dialect            : HHH000400: Using dialect: org.hibernate.dialect.PostgreSQLDialect
2021-07-07 14:42:47.863  INFO 11672 --- [restartedMain] o.h.e.t.j.p.i.JtaPlatformInitiator       : HHH000490: Using JtaPlatform implementation: [org.hibernate.engine.transaction.jta.platform.internal.NoJtaPlatform]
2021-07-07 14:42:47.863  INFO 11672 --- [restartedMain] j.LocalContainerEntityManagerFactoryBean : Initialized JPA EntityManagerFactory for persistence unit 'default'
2021-07-07 14:42:47.926  WARN 11672 --- [restartedMain] JpaBaseConfiguration$JpaWebConfiguration : spring.jpa.open-in-view is enabled by default. Therefore, database queries may be performed during view rendering. Explicitly configure spring.jpa.open-in-view to disable this warning
2021-07-07 14:42:47.988  INFO 11672 --- [restartedMain] o.s.b.d.a.OptionalLiveReloadServer       : LiveReload server is running on port 35729
2021-07-07 14:42:47.996  INFO 11672 --- [restartedMain] o.s.b.w.embedded.tomcat.TomcatWebServer  : Tomcat started on port(s): 8082 (http) with context path ''
2021-07-07 14:42:47.999  INFO 11672 --- [restartedMain] com.cg.spring.boot.demo.Application      : Started Application in 0.753 seconds (JVM running for 10145.762)
2021-07-07 14:42:48.001  INFO 11672 --- [restartedMain] .ConditionEvaluationDeltaLoggingListener : Condition evaluation unchanged
2021-07-07 14:42:48.002  INFO 11672 --- [restartedMain] com.cg.spring.boot.demo.Application      : End
2021-07-07 14:44:48.294  INFO 11672 --- [Thread-14] j.LocalContainerEntityManagerFactoryBean : Closing JPA EntityManagerFactory for persistence unit 'default'
2021-07-07 14:44:48.295  INFO 11672 --- [Thread-14] com.zaxxer.hikari.HikariDataSource       : HikariPool-3 - Shutdown initiated...
2021-07-07 14:44:48.296  INFO 11672 --- [Thread-14] com.zaxxer.hikari.HikariDataSource       : HikariPool-3 - Shutdown completed.
2021-07-07 14:44:48.334  INFO 11672 --- [restartedMain] com.cg.spring.boot.demo.Application      : Start
2021-07-07 14:44:48.367  INFO 11672 --- [restartedMain] com.cg.spring.boot.demo.Application      : Starting Application using Java 16.0.1 on DESKTOP-VSSUIEH with PID 11672 (C:\Users\darsh\Documents\workspace-spring-tool-suite-4-4.11.0.RELEASE\com.cg.spring.boot.demo.june2021-main\target\classes started by darsh in C:\Users\darsh\Documents\workspace-spring-tool-suite-4-4.11.0.RELEASE\com.cg.spring.boot.demo.june2021-main)
2021-07-07 14:44:48.367  INFO 11672 --- [restartedMain] com.cg.spring.boot.demo.Application      : No active profile set, falling back to default profiles: default
2021-07-07 14:44:48.709  INFO 11672 --- [restartedMain] .s.d.r.c.RepositoryConfigurationDelegate : Bootstrapping Spring Data JPA repositories in DEFAULT mode.
2021-07-07 14:44:48.716  INFO 11672 --- [restartedMain] .s.d.r.c.RepositoryConfigurationDelegate : Finished Spring Data repository scanning in 6 ms. Found 1 JPA repository interfaces.
2021-07-07 14:44:48.802  INFO 11672 --- [restartedMain] o.s.b.w.embedded.tomcat.TomcatWebServer  : Tomcat initialized with port(s): 8082 (http)
2021-07-07 14:44:48.802  INFO 11672 --- [restartedMain] o.apache.catalina.core.StandardService   : Starting service [Tomcat]
2021-07-07 14:44:48.802  INFO 11672 --- [restartedMain] org.apache.catalina.core.StandardEngine  : Starting Servlet engine: [Apache Tomcat/9.0.48]
2021-07-07 14:44:48.818  INFO 11672 --- [restartedMain] o.a.c.c.C.[Tomcat-1].[localhost].[/]     : Initializing Spring embedded WebApplicationContext
2021-07-07 14:44:48.818  INFO 11672 --- [restartedMain] w.s.c.ServletWebServerApplicationContext : Root WebApplicationContext: initialization completed in 449 ms
2021-07-07 14:44:48.841  INFO 11672 --- [restartedMain] o.hibernate.jpa.internal.util.LogHelper  : HHH000204: Processing PersistenceUnitInfo [name: default]
2021-07-07 14:44:48.845  INFO 11672 --- [restartedMain] com.zaxxer.hikari.HikariDataSource       : HikariPool-4 - Starting...
2021-07-07 14:44:48.884  INFO 11672 --- [restartedMain] com.zaxxer.hikari.HikariDataSource       : HikariPool-4 - Start completed.
2021-07-07 14:44:48.885  INFO 11672 --- [restartedMain] org.hibernate.dialect.Dialect            : HHH000400: Using dialect: org.hibernate.dialect.PostgreSQLDialect
2021-07-07 14:44:49.117  INFO 11672 --- [restartedMain] o.h.e.t.j.p.i.JtaPlatformInitiator       : HHH000490: Using JtaPlatform implementation: [org.hibernate.engine.transaction.jta.platform.internal.NoJtaPlatform]
2021-07-07 14:44:49.117  INFO 11672 --- [restartedMain] j.LocalContainerEntityManagerFactoryBean : Initialized JPA EntityManagerFactory for persistence unit 'default'
2021-07-07 14:44:49.284  INFO 11672 --- [restartedMain] com.cg.spring.boot.demo.SwaggerConfig    : Docket api
2021-07-07 14:44:49.288  WARN 11672 --- [restartedMain] ConfigServletWebServerApplicationContext : Exception encountered during context initialization - cancelling refresh attempt: org.springframework.beans.factory.BeanCreationException: Error creating bean with name 'inMemorySwaggerResourcesProvider' defined in URL [jar:file:/C:/Users/darsh/.m2/repository/io/springfox/springfox-swagger-common/3.0.0/springfox-swagger-common-3.0.0.jar!/springfox/documentation/swagger/web/InMemorySwaggerResourcesProvider.class]: Bean instantiation via constructor failed; nested exception is org.springframework.beans.BeanInstantiationException: Failed to instantiate [springfox.documentation.swagger.web.InMemorySwaggerResourcesProvider]: Constructor threw exception; nested exception is org.springframework.beans.factory.BeanCreationException: Error creating bean with name 'api' defined in class path resource [com/cg/spring/boot/demo/SwaggerConfig.class]: Bean instantiation via factory method failed; nested exception is org.springframework.beans.BeanInstantiationException: Failed to instantiate [springfox.documentation.spring.web.plugins.Docket]: Factory method 'api' threw exception; nested exception is java.lang.NoSuchMethodError: 'com.google.common.base.Predicate springfox.documentation.builders.RequestHandlerSelectors.any()'
2021-07-07 14:44:49.288  INFO 11672 --- [restartedMain] j.LocalContainerEntityManagerFactoryBean : Closing JPA EntityManagerFactory for persistence unit 'default'
2021-07-07 14:44:49.289  INFO 11672 --- [restartedMain] com.zaxxer.hikari.HikariDataSource       : HikariPool-4 - Shutdown initiated...
2021-07-07 14:44:49.325  INFO 11672 --- [restartedMain] com.zaxxer.hikari.HikariDataSource       : HikariPool-4 - Shutdown completed.
2021-07-07 14:44:49.325  INFO 11672 --- [restartedMain] o.apache.catalina.core.StandardService   : Stopping service [Tomcat]
2021-07-07 14:44:49.330  INFO 11672 --- [restartedMain] ConditionEvaluationReportLoggingListener : 

Error starting ApplicationContext. To display the conditions report re-run your application with 'debug' enabled.
2021-07-07 14:44:49.333 ERROR 11672 --- [restartedMain] o.s.b.d.LoggingFailureAnalysisReporter   : 

***************************
APPLICATION FAILED TO START
***************************

Description:

An attempt was made to call a method that does not exist. The attempt was made from the following location:

    com.cg.spring.boot.demo.SwaggerConfig.api(SwaggerConfig.java:23)

The following method did not exist:

    'com.google.common.base.Predicate springfox.documentation.builders.RequestHandlerSelectors.any()'

The method's class, springfox.documentation.builders.RequestHandlerSelectors, is available from the following locations:

    jar:file:/C:/Users/darsh/.m2/repository/io/springfox/springfox-core/3.0.0/springfox-core-3.0.0.jar!/springfox/documentation/builders/RequestHandlerSelectors.class

The class hierarchy was loaded from the following locations:

    springfox.documentation.builders.RequestHandlerSelectors: file:/C:/Users/darsh/.m2/repository/io/springfox/springfox-core/3.0.0/springfox-core-3.0.0.jar


Action:

Correct the classpath of your application so that it contains a single, compatible version of springfox.documentation.builders.RequestHandlerSelectors

2021-07-07 14:45:49.012  INFO 10252 --- [restartedMain] com.cg.spring.boot.demo.Application      : Starting Application using Java 16.0.1 on DESKTOP-VSSUIEH with PID 10252 (C:\Users\darsh\Documents\workspace-spring-tool-suite-4-4.11.0.RELEASE\com.cg.spring.boot.demo.june2021-main\target\classes started by darsh in C:\Users\darsh\Documents\workspace-spring-tool-suite-4-4.11.0.RELEASE\com.cg.spring.boot.demo.june2021-main)
2021-07-07 14:45:49.013  INFO 10252 --- [restartedMain] com.cg.spring.boot.demo.Application      : No active profile set, falling back to default profiles: default
2021-07-07 14:45:49.051  INFO 10252 --- [restartedMain] .e.DevToolsPropertyDefaultsPostProcessor : Devtools property defaults active! Set 'spring.devtools.add-properties' to 'false' to disable
2021-07-07 14:45:49.051  INFO 10252 --- [restartedMain] .e.DevToolsPropertyDefaultsPostProcessor : For additional web related logging consider setting the 'logging.level.web' property to 'DEBUG'
2021-07-07 14:45:49.720  INFO 10252 --- [restartedMain] .s.d.r.c.RepositoryConfigurationDelegate : Bootstrapping Spring Data JPA repositories in DEFAULT mode.
2021-07-07 14:45:49.759  INFO 10252 --- [restartedMain] .s.d.r.c.RepositoryConfigurationDelegate : Finished Spring Data repository scanning in 32 ms. Found 1 JPA repository interfaces.
2021-07-07 14:45:50.187  INFO 10252 --- [restartedMain] o.s.b.w.embedded.tomcat.TomcatWebServer  : Tomcat initialized with port(s): 8082 (http)
2021-07-07 14:45:50.195  INFO 10252 --- [restartedMain] o.apache.catalina.core.StandardService   : Starting service [Tomcat]
2021-07-07 14:45:50.195  INFO 10252 --- [restartedMain] org.apache.catalina.core.StandardEngine  : Starting Servlet engine: [Apache Tomcat/9.0.48]
2021-07-07 14:45:50.279  INFO 10252 --- [restartedMain] o.a.c.c.C.[Tomcat].[localhost].[/]       : Initializing Spring embedded WebApplicationContext
2021-07-07 14:45:50.280  INFO 10252 --- [restartedMain] w.s.c.ServletWebServerApplicationContext : Root WebApplicationContext: initialization completed in 1229 ms
2021-07-07 14:45:50.430  INFO 10252 --- [restartedMain] o.hibernate.jpa.internal.util.LogHelper  : HHH000204: Processing PersistenceUnitInfo [name: default]
2021-07-07 14:45:50.503  INFO 10252 --- [restartedMain] org.hibernate.Version                    : HHH000412: Hibernate ORM core version 5.4.32.Final
2021-07-07 14:45:50.676  INFO 10252 --- [restartedMain] o.hibernate.annotations.common.Version   : HCANN000001: Hibernate Commons Annotations {5.1.2.Final}
2021-07-07 14:45:50.772  INFO 10252 --- [restartedMain] com.zaxxer.hikari.HikariDataSource       : HikariPool-1 - Starting...
2021-07-07 14:45:50.946  INFO 10252 --- [restartedMain] com.zaxxer.hikari.HikariDataSource       : HikariPool-1 - Start completed.
2021-07-07 14:45:50.979  INFO 10252 --- [restartedMain] org.hibernate.dialect.Dialect            : HHH000400: Using dialect: org.hibernate.dialect.PostgreSQLDialect
2021-07-07 14:45:51.721  INFO 10252 --- [restartedMain] o.h.e.t.j.p.i.JtaPlatformInitiator       : HHH000490: Using JtaPlatform implementation: [org.hibernate.engine.transaction.jta.platform.internal.NoJtaPlatform]
2021-07-07 14:45:51.733  INFO 10252 --- [restartedMain] j.LocalContainerEntityManagerFactoryBean : Initialized JPA EntityManagerFactory for persistence unit 'default'
2021-07-07 14:45:52.220  WARN 10252 --- [restartedMain] JpaBaseConfiguration$JpaWebConfiguration : spring.jpa.open-in-view is enabled by default. Therefore, database queries may be performed during view rendering. Explicitly configure spring.jpa.open-in-view to disable this warning
2021-07-07 14:45:52.329  INFO 10252 --- [restartedMain] pertySourcedRequestMappingHandlerMapping : Mapped URL path [/v2/api-docs] onto method [springfox.documentation.swagger2.web.Swagger2Controller#getDocumentation(String, HttpServletRequest)]
2021-07-07 14:45:52.333  INFO 10252 --- [restartedMain] com.cg.spring.boot.demo.SwaggerConfig    : Docket api
2021-07-07 14:45:52.439  WARN 10252 --- [restartedMain] o.s.b.d.a.OptionalLiveReloadServer       : Unable to start LiveReload server
2021-07-07 14:45:52.583  INFO 10252 --- [restartedMain] o.s.b.w.embedded.tomcat.TomcatWebServer  : Tomcat started on port(s): 8082 (http) with context path ''
2021-07-07 14:45:52.584  INFO 10252 --- [restartedMain] d.s.w.p.DocumentationPluginsBootstrapper : Context refreshed
2021-07-07 14:45:52.606  INFO 10252 --- [restartedMain] d.s.w.p.DocumentationPluginsBootstrapper : Found 1 custom documentation plugin(s)
2021-07-07 14:45:52.627  INFO 10252 --- [restartedMain] s.d.s.w.s.ApiListingReferenceScanner     : Scanning for api listing references
2021-07-07 14:45:52.793  INFO 10252 --- [restartedMain] com.cg.spring.boot.demo.Application      : Started Application in 4.094 seconds (JVM running for 5.056)
2021-07-07 14:45:52.796  INFO 10252 --- [restartedMain] com.cg.spring.boot.demo.Application      : End
2021-07-07 14:48:34.279  INFO 11672 --- [restartedMain] com.cg.spring.boot.demo.Application      : Start
2021-07-07 14:48:34.307  INFO 11672 --- [restartedMain] com.cg.spring.boot.demo.Application      : Starting Application using Java 16.0.1 on DESKTOP-VSSUIEH with PID 11672 (C:\Users\darsh\Documents\workspace-spring-tool-suite-4-4.11.0.RELEASE\com.cg.spring.boot.demo.june2021-main\target\classes started by darsh in C:\Users\darsh\Documents\workspace-spring-tool-suite-4-4.11.0.RELEASE\com.cg.spring.boot.demo.june2021-main)
2021-07-07 14:48:34.307  INFO 11672 --- [restartedMain] com.cg.spring.boot.demo.Application      : No active profile set, falling back to default profiles: default
2021-07-07 14:48:34.547  INFO 11672 --- [restartedMain] .s.d.r.c.RepositoryConfigurationDelegate : Bootstrapping Spring Data JPA repositories in DEFAULT mode.
2021-07-07 14:48:34.555  INFO 11672 --- [restartedMain] .s.d.r.c.RepositoryConfigurationDelegate : Finished Spring Data repository scanning in 7 ms. Found 1 JPA repository interfaces.
2021-07-07 14:48:34.563  INFO 10252 --- [Thread-1] j.LocalContainerEntityManagerFactoryBean : Closing JPA EntityManagerFactory for persistence unit 'default'
2021-07-07 14:48:34.567  INFO 10252 --- [Thread-1] com.zaxxer.hikari.HikariDataSource       : HikariPool-1 - Shutdown initiated...
2021-07-07 14:48:34.570  INFO 10252 --- [Thread-1] com.zaxxer.hikari.HikariDataSource       : HikariPool-1 - Shutdown completed.
2021-07-07 14:48:34.612  INFO 10252 --- [restartedMain] com.cg.spring.boot.demo.Application      : Start
2021-07-07 14:48:34.649  INFO 11672 --- [restartedMain] o.s.b.w.embedded.tomcat.TomcatWebServer  : Tomcat initialized with port(s): 8082 (http)
2021-07-07 14:48:34.649  INFO 10252 --- [restartedMain] com.cg.spring.boot.demo.Application      : Starting Application using Java 16.0.1 on DESKTOP-VSSUIEH with PID 10252 (C:\Users\darsh\Documents\workspace-spring-tool-suite-4-4.11.0.RELEASE\com.cg.spring.boot.demo.june2021-main\target\classes started by darsh in C:\Users\darsh\Documents\workspace-spring-tool-suite-4-4.11.0.RELEASE\com.cg.spring.boot.demo.june2021-main)
2021-07-07 14:48:34.650  INFO 10252 --- [restartedMain] com.cg.spring.boot.demo.Application      : No active profile set, falling back to default profiles: default
2021-07-07 14:48:34.650  INFO 11672 --- [restartedMain] o.apache.catalina.core.StandardService   : Starting service [Tomcat]
2021-07-07 14:48:34.651  INFO 11672 --- [restartedMain] org.apache.catalina.core.StandardEngine  : Starting Servlet engine: [Apache Tomcat/9.0.48]
2021-07-07 14:48:34.671  INFO 11672 --- [restartedMain] o.a.c.c.C.[Tomcat-2].[localhost].[/]     : Initializing Spring embedded WebApplicationContext
2021-07-07 14:48:34.671  INFO 11672 --- [restartedMain] w.s.c.ServletWebServerApplicationContext : Root WebApplicationContext: initialization completed in 362 ms
2021-07-07 14:48:34.698  INFO 11672 --- [restartedMain] o.hibernate.jpa.internal.util.LogHelper  : HHH000204: Processing PersistenceUnitInfo [name: default]
2021-07-07 14:48:34.704  INFO 11672 --- [restartedMain] com.zaxxer.hikari.HikariDataSource       : HikariPool-5 - Starting...
2021-07-07 14:48:34.762  INFO 11672 --- [restartedMain] com.zaxxer.hikari.HikariDataSource       : HikariPool-5 - Start completed.
2021-07-07 14:48:34.763  INFO 11672 --- [restartedMain] org.hibernate.dialect.Dialect            : HHH000400: Using dialect: org.hibernate.dialect.PostgreSQLDialect
2021-07-07 14:48:34.928  INFO 10252 --- [restartedMain] .s.d.r.c.RepositoryConfigurationDelegate : Bootstrapping Spring Data JPA repositories in DEFAULT mode.
2021-07-07 14:48:34.938  INFO 10252 --- [restartedMain] .s.d.r.c.RepositoryConfigurationDelegate : Finished Spring Data repository scanning in 10 ms. Found 1 JPA repository interfaces.
2021-07-07 14:48:35.091  INFO 11672 --- [restartedMain] o.h.e.t.j.p.i.JtaPlatformInitiator       : HHH000490: Using JtaPlatform implementation: [org.hibernate.engine.transaction.jta.platform.internal.NoJtaPlatform]
2021-07-07 14:48:35.091  INFO 11672 --- [restartedMain] j.LocalContainerEntityManagerFactoryBean : Initialized JPA EntityManagerFactory for persistence unit 'default'
2021-07-07 14:48:35.095  INFO 10252 --- [restartedMain] o.s.b.w.embedded.tomcat.TomcatWebServer  : Tomcat initialized with port(s): 8082 (http)
2021-07-07 14:48:35.096  INFO 10252 --- [restartedMain] o.apache.catalina.core.StandardService   : Starting service [Tomcat]
2021-07-07 14:48:35.096  INFO 10252 --- [restartedMain] org.apache.catalina.core.StandardEngine  : Starting Servlet engine: [Apache Tomcat/9.0.48]
2021-07-07 14:48:35.120  INFO 10252 --- [restartedMain] o.a.c.c.C.[Tomcat].[localhost].[/]       : Initializing Spring embedded WebApplicationContext
2021-07-07 14:48:35.120  INFO 10252 --- [restartedMain] w.s.c.ServletWebServerApplicationContext : Root WebApplicationContext: initialization completed in 467 ms
2021-07-07 14:48:35.174  INFO 10252 --- [restartedMain] o.hibernate.jpa.internal.util.LogHelper  : HHH000204: Processing PersistenceUnitInfo [name: default]
2021-07-07 14:48:35.183  INFO 10252 --- [restartedMain] com.zaxxer.hikari.HikariDataSource       : HikariPool-2 - Starting...
2021-07-07 14:48:35.216  INFO 11672 --- [restartedMain] com.cg.spring.boot.demo.SwaggerConfig    : Docket api
2021-07-07 14:48:35.219  WARN 11672 --- [restartedMain] ConfigServletWebServerApplicationContext : Exception encountered during context initialization - cancelling refresh attempt: org.springframework.beans.factory.BeanCreationException: Error creating bean with name 'inMemorySwaggerResourcesProvider' defined in URL [jar:file:/C:/Users/darsh/.m2/repository/io/springfox/springfox-swagger-common/3.0.0/springfox-swagger-common-3.0.0.jar!/springfox/documentation/swagger/web/InMemorySwaggerResourcesProvider.class]: Bean instantiation via constructor failed; nested exception is org.springframework.beans.BeanInstantiationException: Failed to instantiate [springfox.documentation.swagger.web.InMemorySwaggerResourcesProvider]: Constructor threw exception; nested exception is org.springframework.beans.factory.BeanCreationException: Error creating bean with name 'api' defined in class path resource [com/cg/spring/boot/demo/SwaggerConfig.class]: Bean instantiation via factory method failed; nested exception is org.springframework.beans.BeanInstantiationException: Failed to instantiate [springfox.documentation.spring.web.plugins.Docket]: Factory method 'api' threw exception; nested exception is java.lang.NoSuchMethodError: 'com.google.common.base.Predicate springfox.documentation.builders.RequestHandlerSelectors.any()'
2021-07-07 14:48:35.219  INFO 11672 --- [restartedMain] j.LocalContainerEntityManagerFactoryBean : Closing JPA EntityManagerFactory for persistence unit 'default'
2021-07-07 14:48:35.219  INFO 11672 --- [restartedMain] com.zaxxer.hikari.HikariDataSource       : HikariPool-5 - Shutdown initiated...
2021-07-07 14:48:35.241  INFO 10252 --- [restartedMain] com.zaxxer.hikari.HikariDataSource       : HikariPool-2 - Start completed.
2021-07-07 14:48:35.241  INFO 10252 --- [restartedMain] org.hibernate.dialect.Dialect            : HHH000400: Using dialect: org.hibernate.dialect.PostgreSQLDialect
2021-07-07 14:48:35.244  INFO 11672 --- [restartedMain] com.zaxxer.hikari.HikariDataSource       : HikariPool-5 - Shutdown completed.
2021-07-07 14:48:35.245  INFO 11672 --- [restartedMain] o.apache.catalina.core.StandardService   : Stopping service [Tomcat]
2021-07-07 14:48:35.250  INFO 11672 --- [restartedMain] ConditionEvaluationReportLoggingListener : 

Error starting ApplicationContext. To display the conditions report re-run your application with 'debug' enabled.
2021-07-07 14:48:35.255 ERROR 11672 --- [restartedMain] o.s.b.d.LoggingFailureAnalysisReporter   : 

***************************
APPLICATION FAILED TO START
***************************

Description:

An attempt was made to call a method that does not exist. The attempt was made from the following location:

    com.cg.spring.boot.demo.SwaggerConfig.api(SwaggerConfig.java:23)

The following method did not exist:

    'com.google.common.base.Predicate springfox.documentation.builders.RequestHandlerSelectors.any()'

The method's class, springfox.documentation.builders.RequestHandlerSelectors, is available from the following locations:

    jar:file:/C:/Users/darsh/.m2/repository/io/springfox/springfox-core/3.0.0/springfox-core-3.0.0.jar!/springfox/documentation/builders/RequestHandlerSelectors.class

The class hierarchy was loaded from the following locations:

    springfox.documentation.builders.RequestHandlerSelectors: file:/C:/Users/darsh/.m2/repository/io/springfox/springfox-core/3.0.0/springfox-core-3.0.0.jar


Action:

Correct the classpath of your application so that it contains a single, compatible version of springfox.documentation.builders.RequestHandlerSelectors

2021-07-07 14:48:35.543  INFO 10252 --- [restartedMain] o.h.e.t.j.p.i.JtaPlatformInitiator       : HHH000490: Using JtaPlatform implementation: [org.hibernate.engine.transaction.jta.platform.internal.NoJtaPlatform]
2021-07-07 14:48:35.544  INFO 10252 --- [restartedMain] j.LocalContainerEntityManagerFactoryBean : Initialized JPA EntityManagerFactory for persistence unit 'default'
2021-07-07 14:48:35.679  WARN 10252 --- [restartedMain] JpaBaseConfiguration$JpaWebConfiguration : spring.jpa.open-in-view is enabled by default. Therefore, database queries may be performed during view rendering. Explicitly configure spring.jpa.open-in-view to disable this warning
2021-07-07 14:48:35.712  INFO 10252 --- [restartedMain] pertySourcedRequestMappingHandlerMapping : Mapped URL path [/v2/api-docs] onto method [springfox.documentation.swagger2.web.Swagger2Controller#getDocumentation(String, HttpServletRequest)]
2021-07-07 14:48:35.720  INFO 10252 --- [restartedMain] com.cg.spring.boot.demo.SwaggerConfig    : Docket api
2021-07-07 14:48:35.745  WARN 10252 --- [restartedMain] o.s.b.d.a.OptionalLiveReloadServer       : Unable to start LiveReload server
2021-07-07 14:48:35.788  INFO 10252 --- [restartedMain] o.s.b.w.embedded.tomcat.TomcatWebServer  : Tomcat started on port(s): 8082 (http) with context path ''
2021-07-07 14:48:35.788  INFO 10252 --- [restartedMain] d.s.w.p.DocumentationPluginsBootstrapper : Context refreshed
2021-07-07 14:48:35.789  INFO 10252 --- [restartedMain] d.s.w.p.DocumentationPluginsBootstrapper : Found 1 custom documentation plugin(s)
2021-07-07 14:48:35.796  INFO 10252 --- [restartedMain] s.d.s.w.s.ApiListingReferenceScanner     : Scanning for api listing references
2021-07-07 14:48:35.869  INFO 10252 --- [restartedMain] com.cg.spring.boot.demo.Application      : Started Application in 1.252 seconds (JVM running for 168.132)
2021-07-07 14:48:35.871  INFO 10252 --- [restartedMain] .ConditionEvaluationDeltaLoggingListener : Condition evaluation unchanged
2021-07-07 14:48:35.871  INFO 10252 --- [restartedMain] com.cg.spring.boot.demo.Application      : End
2021-07-07 14:48:45.293  INFO 10252 --- [http-nio-8082-exec-2] o.a.c.c.C.[Tomcat].[localhost].[/]       : Initializing Spring DispatcherServlet 'dispatcherServlet'
2021-07-07 14:48:45.294  INFO 10252 --- [http-nio-8082-exec-2] o.s.web.servlet.DispatcherServlet        : Initializing Servlet 'dispatcherServlet'
2021-07-07 14:48:45.296  INFO 10252 --- [http-nio-8082-exec-2] o.s.web.servlet.DispatcherServlet        : Completed initialization in 2 ms
2021-07-07 14:48:45.711  INFO 10252 --- [http-nio-8082-exec-1] com.cg.spring.boot.demo.Hello            : welcome
2021-07-07 14:50:49.279  INFO 10252 --- [http-nio-8082-exec-4] c.c.s.b.d.controller.EmployeeController  : addEmp
2021-07-07 14:50:49.279  INFO 10252 --- [http-nio-8082-exec-4] c.c.s.boot.demo.service.EmployeeService  : addEmployee
2021-07-07 14:55:37.283  INFO 10252 --- [RMI TCP Connection(18)-127.0.0.1] inMXBeanRegistrar$SpringApplicationAdmin : Application shutdown requested.
2021-07-07 14:55:37.309  INFO 10252 --- [RMI TCP Connection(18)-127.0.0.1] j.LocalContainerEntityManagerFactoryBean : Closing JPA EntityManagerFactory for persistence unit 'default'
2021-07-07 14:55:37.310  INFO 10252 --- [RMI TCP Connection(18)-127.0.0.1] com.zaxxer.hikari.HikariDataSource       : HikariPool-2 - Shutdown initiated...
2021-07-07 14:55:37.312  INFO 10252 --- [RMI TCP Connection(18)-127.0.0.1] com.zaxxer.hikari.HikariDataSource       : HikariPool-2 - Shutdown completed.
2021-07-07 14:55:45.213  INFO 15204 --- [restartedMain] com.cg.spring.boot.demo.Application      : Starting Application using Java 16.0.1 on DESKTOP-VSSUIEH with PID 15204 (C:\Users\darsh\Documents\workspace-spring-tool-suite-4-4.11.0.RELEASE\com.cg.spring.boot.demo.june2021-main\target\classes started by darsh in C:\Users\darsh\Documents\workspace-spring-tool-suite-4-4.11.0.RELEASE\com.cg.spring.boot.demo.june2021-main)
2021-07-07 14:55:45.214  INFO 15204 --- [restartedMain] com.cg.spring.boot.demo.Application      : No active profile set, falling back to default profiles: default
2021-07-07 14:55:45.280  INFO 15204 --- [restartedMain] .e.DevToolsPropertyDefaultsPostProcessor : Devtools property defaults active! Set 'spring.devtools.add-properties' to 'false' to disable
2021-07-07 14:55:45.280  INFO 15204 --- [restartedMain] .e.DevToolsPropertyDefaultsPostProcessor : For additional web related logging consider setting the 'logging.level.web' property to 'DEBUG'
2021-07-07 14:55:46.164  INFO 15204 --- [restartedMain] .s.d.r.c.RepositoryConfigurationDelegate : Bootstrapping Spring Data JPA repositories in DEFAULT mode.
2021-07-07 14:55:46.243  INFO 15204 --- [restartedMain] .s.d.r.c.RepositoryConfigurationDelegate : Finished Spring Data repository scanning in 63 ms. Found 1 JPA repository interfaces.
2021-07-07 14:55:46.970  INFO 15204 --- [restartedMain] o.s.b.w.embedded.tomcat.TomcatWebServer  : Tomcat initialized with port(s): 8082 (http)
2021-07-07 14:55:46.992  INFO 15204 --- [restartedMain] o.apache.catalina.core.StandardService   : Starting service [Tomcat]
2021-07-07 14:55:46.993  INFO 15204 --- [restartedMain] org.apache.catalina.core.StandardEngine  : Starting Servlet engine: [Apache Tomcat/9.0.48]
2021-07-07 14:55:47.084  INFO 15204 --- [restartedMain] o.a.c.c.C.[Tomcat].[localhost].[/]       : Initializing Spring embedded WebApplicationContext
2021-07-07 14:55:47.085  INFO 15204 --- [restartedMain] w.s.c.ServletWebServerApplicationContext : Root WebApplicationContext: initialization completed in 1804 ms
2021-07-07 14:55:47.310  INFO 15204 --- [restartedMain] o.hibernate.jpa.internal.util.LogHelper  : HHH000204: Processing PersistenceUnitInfo [name: default]
2021-07-07 14:55:47.373  INFO 15204 --- [restartedMain] org.hibernate.Version                    : HHH000412: Hibernate ORM core version 5.4.32.Final
2021-07-07 14:55:47.522  INFO 15204 --- [restartedMain] o.hibernate.annotations.common.Version   : HCANN000001: Hibernate Commons Annotations {5.1.2.Final}
2021-07-07 14:55:47.628  INFO 15204 --- [restartedMain] com.zaxxer.hikari.HikariDataSource       : HikariPool-1 - Starting...
2021-07-07 14:55:47.834  INFO 15204 --- [restartedMain] com.zaxxer.hikari.HikariDataSource       : HikariPool-1 - Start completed.
2021-07-07 14:55:47.855  INFO 15204 --- [restartedMain] org.hibernate.dialect.Dialect            : HHH000400: Using dialect: org.hibernate.dialect.PostgreSQLDialect
2021-07-07 14:55:48.617  INFO 15204 --- [restartedMain] o.h.e.t.j.p.i.JtaPlatformInitiator       : HHH000490: Using JtaPlatform implementation: [org.hibernate.engine.transaction.jta.platform.internal.NoJtaPlatform]
2021-07-07 14:55:48.625  INFO 15204 --- [restartedMain] j.LocalContainerEntityManagerFactoryBean : Initialized JPA EntityManagerFactory for persistence unit 'default'
2021-07-07 14:55:49.321  WARN 15204 --- [restartedMain] JpaBaseConfiguration$JpaWebConfiguration : spring.jpa.open-in-view is enabled by default. Therefore, database queries may be performed during view rendering. Explicitly configure spring.jpa.open-in-view to disable this warning
2021-07-07 14:55:49.492  INFO 15204 --- [restartedMain] pertySourcedRequestMappingHandlerMapping : Mapped URL path [/v2/api-docs] onto method [springfox.documentation.swagger2.web.Swagger2Controller#getDocumentation(String, HttpServletRequest)]
2021-07-07 14:55:49.496  INFO 15204 --- [restartedMain] com.cg.spring.boot.demo.SwaggerConfig    : Docket api
2021-07-07 14:55:49.608  WARN 15204 --- [restartedMain] o.s.b.d.a.OptionalLiveReloadServer       : Unable to start LiveReload server
2021-07-07 14:55:49.796  INFO 15204 --- [restartedMain] o.s.b.w.embedded.tomcat.TomcatWebServer  : Tomcat started on port(s): 8082 (http) with context path ''
2021-07-07 14:55:49.797  INFO 15204 --- [restartedMain] d.s.w.p.DocumentationPluginsBootstrapper : Context refreshed
2021-07-07 14:55:49.822  INFO 15204 --- [restartedMain] d.s.w.p.DocumentationPluginsBootstrapper : Found 1 custom documentation plugin(s)
2021-07-07 14:55:49.849  INFO 15204 --- [restartedMain] s.d.s.w.s.ApiListingReferenceScanner     : Scanning for api listing references
2021-07-07 14:55:50.070  INFO 15204 --- [restartedMain] com.cg.spring.boot.demo.Application      : Started Application in 5.251 seconds (JVM running for 5.791)
2021-07-07 14:55:50.075  INFO 15204 --- [restartedMain] com.cg.spring.boot.demo.Application      : End
2021-07-07 15:07:17.644  INFO 3264 --- [main] c.cg.spring.boot.demo.ApplicationTests   : Starting ApplicationTests using Java 16.0.1 on DESKTOP-VSSUIEH with PID 3264 (started by darsh in C:\Users\darsh\Documents\workspace-spring-tool-suite-4-4.11.0.RELEASE\com.cg.spring.boot.demo.june2021-main)
2021-07-07 15:07:17.647  INFO 3264 --- [main] c.cg.spring.boot.demo.ApplicationTests   : No active profile set, falling back to default profiles: default
2021-07-07 15:07:18.573  INFO 3264 --- [main] .s.d.r.c.RepositoryConfigurationDelegate : Bootstrapping Spring Data JPA repositories in DEFAULT mode.
2021-07-07 15:07:18.640  INFO 3264 --- [main] .s.d.r.c.RepositoryConfigurationDelegate : Finished Spring Data repository scanning in 57 ms. Found 1 JPA repository interfaces.
2021-07-07 15:07:19.422  INFO 3264 --- [main] o.hibernate.jpa.internal.util.LogHelper  : HHH000204: Processing PersistenceUnitInfo [name: default]
2021-07-07 15:07:19.483  INFO 3264 --- [main] org.hibernate.Version                    : HHH000412: Hibernate ORM core version 5.4.32.Final
2021-07-07 15:07:19.623  INFO 3264 --- [main] o.hibernate.annotations.common.Version   : HCANN000001: Hibernate Commons Annotations {5.1.2.Final}
2021-07-07 15:07:19.773  INFO 3264 --- [main] com.zaxxer.hikari.HikariDataSource       : HikariPool-1 - Starting...
2021-07-07 15:07:19.984  INFO 3264 --- [main] com.zaxxer.hikari.HikariDataSource       : HikariPool-1 - Start completed.
2021-07-07 15:07:20.001  INFO 3264 --- [main] org.hibernate.dialect.Dialect            : HHH000400: Using dialect: org.hibernate.dialect.PostgreSQLDialect
2021-07-07 15:07:20.806  INFO 3264 --- [main] o.h.e.t.j.p.i.JtaPlatformInitiator       : HHH000490: Using JtaPlatform implementation: [org.hibernate.engine.transaction.jta.platform.internal.NoJtaPlatform]
2021-07-07 15:07:20.815  INFO 3264 --- [main] j.LocalContainerEntityManagerFactoryBean : Initialized JPA EntityManagerFactory for persistence unit 'default'
2021-07-07 15:07:21.673  WARN 3264 --- [main] JpaBaseConfiguration$JpaWebConfiguration : spring.jpa.open-in-view is enabled by default. Therefore, database queries may be performed during view rendering. Explicitly configure spring.jpa.open-in-view to disable this warning
2021-07-07 15:07:22.015  INFO 3264 --- [main] pertySourcedRequestMappingHandlerMapping : Mapped URL path [/v2/api-docs] onto method [springfox.documentation.swagger2.web.Swagger2Controller#getDocumentation(String, HttpServletRequest)]
2021-07-07 15:07:22.019  INFO 3264 --- [main] com.cg.spring.boot.demo.SwaggerConfig    : Docket api
2021-07-07 15:07:22.656  INFO 3264 --- [main] d.s.w.p.DocumentationPluginsBootstrapper : Context refreshed
2021-07-07 15:07:22.683  INFO 3264 --- [main] d.s.w.p.DocumentationPluginsBootstrapper : Found 1 custom documentation plugin(s)
2021-07-07 15:07:22.718  INFO 3264 --- [main] s.d.s.w.s.ApiListingReferenceScanner     : Scanning for api listing references
2021-07-07 15:07:22.948  INFO 3264 --- [main] c.cg.spring.boot.demo.ApplicationTests   : Started ApplicationTests in 5.687 seconds (JVM running for 6.763)
2021-07-07 15:07:23.308  INFO 3264 --- [main] c.cg.spring.boot.demo.ApplicationTests   : testHello
2021-07-07 15:07:23.308  INFO 3264 --- [main] com.cg.spring.boot.demo.Hello            : Hello world! INFO
2021-07-07 15:07:23.308  INFO 3264 --- [main] c.cg.spring.boot.demo.ApplicationTests   : Hello world!
2021-07-07 15:07:23.308  INFO 3264 --- [main] c.cg.spring.boot.demo.ApplicationTests   : Hello world!
2021-07-07 15:07:23.332  INFO 3264 --- [SpringApplicationShutdownHook] j.LocalContainerEntityManagerFactoryBean : Closing JPA EntityManagerFactory for persistence unit 'default'
2021-07-07 15:07:23.335  INFO 3264 --- [SpringApplicationShutdownHook] com.zaxxer.hikari.HikariDataSource       : HikariPool-1 - Shutdown initiated...
2021-07-07 15:07:23.340  INFO 3264 --- [SpringApplicationShutdownHook] com.zaxxer.hikari.HikariDataSource       : HikariPool-1 - Shutdown completed.
2021-07-07 15:22:22.229  INFO 18792 --- [main] c.cg.spring.boot.demo.ApplicationTests   : Starting ApplicationTests using Java 16.0.1 on DESKTOP-VSSUIEH with PID 18792 (started by darsh in C:\Users\darsh\Documents\workspace-spring-tool-suite-4-4.11.0.RELEASE\com.cg.spring.boot.demo.june2021-main)
2021-07-07 15:22:22.231  INFO 18792 --- [main] c.cg.spring.boot.demo.ApplicationTests   : No active profile set, falling back to default profiles: default
2021-07-07 15:22:23.093  INFO 18792 --- [main] .s.d.r.c.RepositoryConfigurationDelegate : Bootstrapping Spring Data JPA repositories in DEFAULT mode.
2021-07-07 15:22:23.155  INFO 18792 --- [main] .s.d.r.c.RepositoryConfigurationDelegate : Finished Spring Data repository scanning in 50 ms. Found 1 JPA repository interfaces.
2021-07-07 15:22:23.801  INFO 18792 --- [main] o.hibernate.jpa.internal.util.LogHelper  : HHH000204: Processing PersistenceUnitInfo [name: default]
2021-07-07 15:22:23.862  INFO 18792 --- [main] org.hibernate.Version                    : HHH000412: Hibernate ORM core version 5.4.32.Final
2021-07-07 15:22:23.998  INFO 18792 --- [main] o.hibernate.annotations.common.Version   : HCANN000001: Hibernate Commons Annotations {5.1.2.Final}
2021-07-07 15:22:24.166  INFO 18792 --- [main] com.zaxxer.hikari.HikariDataSource       : HikariPool-1 - Starting...
2021-07-07 15:22:24.392  INFO 18792 --- [main] com.zaxxer.hikari.HikariDataSource       : HikariPool-1 - Start completed.
2021-07-07 15:22:24.411  INFO 18792 --- [main] org.hibernate.dialect.Dialect            : HHH000400: Using dialect: org.hibernate.dialect.PostgreSQLDialect
2021-07-07 15:22:25.186  INFO 18792 --- [main] o.h.e.t.j.p.i.JtaPlatformInitiator       : HHH000490: Using JtaPlatform implementation: [org.hibernate.engine.transaction.jta.platform.internal.NoJtaPlatform]
2021-07-07 15:22:25.195  INFO 18792 --- [main] j.LocalContainerEntityManagerFactoryBean : Initialized JPA EntityManagerFactory for persistence unit 'default'
2021-07-07 15:22:26.060  WARN 18792 --- [main] JpaBaseConfiguration$JpaWebConfiguration : spring.jpa.open-in-view is enabled by default. Therefore, database queries may be performed during view rendering. Explicitly configure spring.jpa.open-in-view to disable this warning
2021-07-07 15:22:26.419  INFO 18792 --- [main] pertySourcedRequestMappingHandlerMapping : Mapped URL path [/v2/api-docs] onto method [springfox.documentation.swagger2.web.Swagger2Controller#getDocumentation(String, HttpServletRequest)]
2021-07-07 15:22:26.423  INFO 18792 --- [main] com.cg.spring.boot.demo.SwaggerConfig    : Docket api
2021-07-07 15:22:27.197  INFO 18792 --- [main] d.s.w.p.DocumentationPluginsBootstrapper : Context refreshed
2021-07-07 15:22:27.231  INFO 18792 --- [main] d.s.w.p.DocumentationPluginsBootstrapper : Found 1 custom documentation plugin(s)
2021-07-07 15:22:27.286  INFO 18792 --- [main] s.d.s.w.s.ApiListingReferenceScanner     : Scanning for api listing references
2021-07-07 15:22:27.567  INFO 18792 --- [main] c.cg.spring.boot.demo.ApplicationTests   : Started ApplicationTests in 5.657 seconds (JVM running for 6.811)
2021-07-07 15:22:27.864  INFO 18792 --- [main] c.cg.spring.boot.demo.ApplicationTests   : testHello
2021-07-07 15:22:27.864  INFO 18792 --- [main] com.cg.spring.boot.demo.Hello            : Hello world! INFO
2021-07-07 15:22:27.864  INFO 18792 --- [main] c.cg.spring.boot.demo.ApplicationTests   : Hello world!
2021-07-07 15:22:27.864  INFO 18792 --- [main] c.cg.spring.boot.demo.ApplicationTests   : Hello world!
2021-07-07 15:22:27.882  INFO 18792 --- [main] c.cg.spring.boot.demo.ApplicationTests   : testHello
2021-07-07 15:22:27.883  INFO 18792 --- [main] com.cg.spring.boot.demo.Hello            : Hello world! INFO
2021-07-07 15:22:27.883  INFO 18792 --- [main] c.cg.spring.boot.demo.ApplicationTests   : Hello world!
2021-07-07 15:22:27.883  INFO 18792 --- [main] c.cg.spring.boot.demo.ApplicationTests   : abcd
2021-07-07 15:22:27.897  INFO 18792 --- [SpringApplicationShutdownHook] j.LocalContainerEntityManagerFactoryBean : Closing JPA EntityManagerFactory for persistence unit 'default'
2021-07-07 15:22:27.900  INFO 18792 --- [SpringApplicationShutdownHook] com.zaxxer.hikari.HikariDataSource       : HikariPool-1 - Shutdown initiated...
2021-07-07 15:22:27.903  INFO 18792 --- [SpringApplicationShutdownHook] com.zaxxer.hikari.HikariDataSource       : HikariPool-1 - Shutdown completed.
2021-07-07 15:26:30.239  INFO 16864 --- [main] c.cg.spring.boot.demo.ApplicationTests   : Starting ApplicationTests using Java 16.0.1 on DESKTOP-VSSUIEH with PID 16864 (started by darsh in C:\Users\darsh\Documents\workspace-spring-tool-suite-4-4.11.0.RELEASE\com.cg.spring.boot.demo.june2021-main)
2021-07-07 15:26:30.244  INFO 16864 --- [main] c.cg.spring.boot.demo.ApplicationTests   : No active profile set, falling back to default profiles: default
2021-07-07 15:26:31.158  INFO 16864 --- [main] .s.d.r.c.RepositoryConfigurationDelegate : Bootstrapping Spring Data JPA repositories in DEFAULT mode.
2021-07-07 15:26:31.233  INFO 16864 --- [main] .s.d.r.c.RepositoryConfigurationDelegate : Finished Spring Data repository scanning in 67 ms. Found 1 JPA repository interfaces.
2021-07-07 15:26:31.908  INFO 16864 --- [main] o.hibernate.jpa.internal.util.LogHelper  : HHH000204: Processing PersistenceUnitInfo [name: default]
2021-07-07 15:26:31.973  INFO 16864 --- [main] org.hibernate.Version                    : HHH000412: Hibernate ORM core version 5.4.32.Final
2021-07-07 15:26:32.109  INFO 16864 --- [main] o.hibernate.annotations.common.Version   : HCANN000001: Hibernate Commons Annotations {5.1.2.Final}
2021-07-07 15:26:32.260  INFO 16864 --- [main] com.zaxxer.hikari.HikariDataSource       : HikariPool-1 - Starting...
2021-07-07 15:26:32.481  INFO 16864 --- [main] com.zaxxer.hikari.HikariDataSource       : HikariPool-1 - Start completed.
2021-07-07 15:26:32.501  INFO 16864 --- [main] org.hibernate.dialect.Dialect            : HHH000400: Using dialect: org.hibernate.dialect.PostgreSQLDialect
2021-07-07 15:26:33.250  INFO 16864 --- [main] o.h.e.t.j.p.i.JtaPlatformInitiator       : HHH000490: Using JtaPlatform implementation: [org.hibernate.engine.transaction.jta.platform.internal.NoJtaPlatform]
2021-07-07 15:26:33.259  INFO 16864 --- [main] j.LocalContainerEntityManagerFactoryBean : Initialized JPA EntityManagerFactory for persistence unit 'default'
2021-07-07 15:26:34.101  WARN 16864 --- [main] JpaBaseConfiguration$JpaWebConfiguration : spring.jpa.open-in-view is enabled by default. Therefore, database queries may be performed during view rendering. Explicitly configure spring.jpa.open-in-view to disable this warning
2021-07-07 15:26:34.464  INFO 16864 --- [main] pertySourcedRequestMappingHandlerMapping : Mapped URL path [/v2/api-docs] onto method [springfox.documentation.swagger2.web.Swagger2Controller#getDocumentation(String, HttpServletRequest)]
2021-07-07 15:26:34.469  INFO 16864 --- [main] com.cg.spring.boot.demo.SwaggerConfig    : Docket api
2021-07-07 15:26:35.113  INFO 16864 --- [main] d.s.w.p.DocumentationPluginsBootstrapper : Context refreshed
2021-07-07 15:26:35.133  INFO 16864 --- [main] d.s.w.p.DocumentationPluginsBootstrapper : Found 1 custom documentation plugin(s)
2021-07-07 15:26:35.166  INFO 16864 --- [main] s.d.s.w.s.ApiListingReferenceScanner     : Scanning for api listing references
2021-07-07 15:26:35.426  INFO 16864 --- [main] c.cg.spring.boot.demo.ApplicationTests   : Started ApplicationTests in 5.537 seconds (JVM running for 6.549)
2021-07-07 15:26:35.669  INFO 16864 --- [main] c.cg.spring.boot.demo.ApplicationTests   : testHello
2021-07-07 15:26:35.669  INFO 16864 --- [main] com.cg.spring.boot.demo.Hello            : Hello world! INFO
2021-07-07 15:26:35.669  INFO 16864 --- [main] c.cg.spring.boot.demo.ApplicationTests   : Hello world!
2021-07-07 15:26:35.669  INFO 16864 --- [main] c.cg.spring.boot.demo.ApplicationTests   : aaaa
2021-07-07 15:26:35.693  INFO 16864 --- [main] c.cg.spring.boot.demo.ApplicationTests   : testHello
2021-07-07 15:26:35.694  INFO 16864 --- [main] com.cg.spring.boot.demo.Hello            : Hello world! INFO
2021-07-07 15:26:35.694  INFO 16864 --- [main] c.cg.spring.boot.demo.ApplicationTests   : Hello world!
2021-07-07 15:26:35.694  INFO 16864 --- [main] c.cg.spring.boot.demo.ApplicationTests   : abcd
2021-07-07 15:26:35.708  INFO 16864 --- [SpringApplicationShutdownHook] j.LocalContainerEntityManagerFactoryBean : Closing JPA EntityManagerFactory for persistence unit 'default'
2021-07-07 15:26:35.711  INFO 16864 --- [SpringApplicationShutdownHook] com.zaxxer.hikari.HikariDataSource       : HikariPool-1 - Shutdown initiated...
2021-07-07 15:26:35.714  INFO 16864 --- [SpringApplicationShutdownHook] com.zaxxer.hikari.HikariDataSource       : HikariPool-1 - Shutdown completed.
2021-07-07 15:37:03.675  INFO 8468 --- [main] c.cg.spring.boot.demo.ApplicationTests   : Starting ApplicationTests using Java 16.0.1 on DESKTOP-VSSUIEH with PID 8468 (started by darsh in C:\Users\darsh\Documents\workspace-spring-tool-suite-4-4.11.0.RELEASE\com.cg.spring.boot.demo.june2021-main)
2021-07-07 15:37:03.679  INFO 8468 --- [main] c.cg.spring.boot.demo.ApplicationTests   : No active profile set, falling back to default profiles: default
2021-07-07 15:37:04.640  INFO 8468 --- [main] .s.d.r.c.RepositoryConfigurationDelegate : Bootstrapping Spring Data JPA repositories in DEFAULT mode.
2021-07-07 15:37:04.707  INFO 8468 --- [main] .s.d.r.c.RepositoryConfigurationDelegate : Finished Spring Data repository scanning in 58 ms. Found 1 JPA repository interfaces.
2021-07-07 15:37:05.399  INFO 8468 --- [main] o.hibernate.jpa.internal.util.LogHelper  : HHH000204: Processing PersistenceUnitInfo [name: default]
2021-07-07 15:37:05.468  INFO 8468 --- [main] org.hibernate.Version                    : HHH000412: Hibernate ORM core version 5.4.32.Final
2021-07-07 15:37:05.617  INFO 8468 --- [main] o.hibernate.annotations.common.Version   : HCANN000001: Hibernate Commons Annotations {5.1.2.Final}
2021-07-07 15:37:05.777  INFO 8468 --- [main] com.zaxxer.hikari.HikariDataSource       : HikariPool-1 - Starting...
2021-07-07 15:37:05.988  INFO 8468 --- [main] com.zaxxer.hikari.HikariDataSource       : HikariPool-1 - Start completed.
2021-07-07 15:37:06.010  INFO 8468 --- [main] org.hibernate.dialect.Dialect            : HHH000400: Using dialect: org.hibernate.dialect.PostgreSQLDialect
2021-07-07 15:37:06.827  INFO 8468 --- [main] o.h.e.t.j.p.i.JtaPlatformInitiator       : HHH000490: Using JtaPlatform implementation: [org.hibernate.engine.transaction.jta.platform.internal.NoJtaPlatform]
2021-07-07 15:37:06.837  INFO 8468 --- [main] j.LocalContainerEntityManagerFactoryBean : Initialized JPA EntityManagerFactory for persistence unit 'default'
2021-07-07 15:37:07.654  WARN 8468 --- [main] JpaBaseConfiguration$JpaWebConfiguration : spring.jpa.open-in-view is enabled by default. Therefore, database queries may be performed during view rendering. Explicitly configure spring.jpa.open-in-view to disable this warning
2021-07-07 15:37:07.982  INFO 8468 --- [main] pertySourcedRequestMappingHandlerMapping : Mapped URL path [/v2/api-docs] onto method [springfox.documentation.swagger2.web.Swagger2Controller#getDocumentation(String, HttpServletRequest)]
2021-07-07 15:37:07.986  INFO 8468 --- [main] com.cg.spring.boot.demo.SwaggerConfig    : Docket api
2021-07-07 15:37:08.640  INFO 8468 --- [main] d.s.w.p.DocumentationPluginsBootstrapper : Context refreshed
2021-07-07 15:37:08.664  INFO 8468 --- [main] d.s.w.p.DocumentationPluginsBootstrapper : Found 1 custom documentation plugin(s)
2021-07-07 15:37:08.691  INFO 8468 --- [main] s.d.s.w.s.ApiListingReferenceScanner     : Scanning for api listing references
2021-07-07 15:37:08.936  INFO 8468 --- [main] c.cg.spring.boot.demo.ApplicationTests   : Started ApplicationTests in 5.627 seconds (JVM running for 6.641)
2021-07-07 15:37:09.171  INFO 8468 --- [main] c.cg.spring.boot.demo.ApplicationTests   : testHello
2021-07-07 15:37:09.172  INFO 8468 --- [main] com.cg.spring.boot.demo.Hello            : Hello world! INFO
2021-07-07 15:37:09.172  INFO 8468 --- [main] c.cg.spring.boot.demo.ApplicationTests   : Hello world!
2021-07-07 15:37:09.172  INFO 8468 --- [main] c.cg.spring.boot.demo.ApplicationTests   : aaaa
2021-07-07 15:37:09.196  INFO 8468 --- [main] c.cg.spring.boot.demo.ApplicationTests   : testHello
2021-07-07 15:37:09.197  INFO 8468 --- [main] com.cg.spring.boot.demo.Hello            : Hello world! INFO
2021-07-07 15:37:09.197  INFO 8468 --- [main] c.cg.spring.boot.demo.ApplicationTests   : Hello world!
2021-07-07 15:37:09.197  INFO 8468 --- [main] c.cg.spring.boot.demo.ApplicationTests   : abcd
2021-07-07 15:37:09.212  INFO 8468 --- [SpringApplicationShutdownHook] j.LocalContainerEntityManagerFactoryBean : Closing JPA EntityManagerFactory for persistence unit 'default'
2021-07-07 15:37:09.216  INFO 8468 --- [SpringApplicationShutdownHook] com.zaxxer.hikari.HikariDataSource       : HikariPool-1 - Shutdown initiated...
2021-07-07 15:37:09.220  INFO 8468 --- [SpringApplicationShutdownHook] com.zaxxer.hikari.HikariDataSource       : HikariPool-1 - Shutdown completed.
2021-07-07 15:39:17.391  INFO 17808 --- [main] c.cg.spring.boot.demo.ApplicationTests   : Starting ApplicationTests using Java 16.0.1 on DESKTOP-VSSUIEH with PID 17808 (started by darsh in C:\Users\darsh\Documents\workspace-spring-tool-suite-4-4.11.0.RELEASE\com.cg.spring.boot.demo.june2021-main)
2021-07-07 15:39:17.393  INFO 17808 --- [main] c.cg.spring.boot.demo.ApplicationTests   : No active profile set, falling back to default profiles: default
2021-07-07 15:39:18.242  INFO 17808 --- [main] .s.d.r.c.RepositoryConfigurationDelegate : Bootstrapping Spring Data JPA repositories in DEFAULT mode.
2021-07-07 15:39:18.306  INFO 17808 --- [main] .s.d.r.c.RepositoryConfigurationDelegate : Finished Spring Data repository scanning in 53 ms. Found 1 JPA repository interfaces.
2021-07-07 15:39:18.973  INFO 17808 --- [main] o.hibernate.jpa.internal.util.LogHelper  : HHH000204: Processing PersistenceUnitInfo [name: default]
2021-07-07 15:39:19.037  INFO 17808 --- [main] org.hibernate.Version                    : HHH000412: Hibernate ORM core version 5.4.32.Final
2021-07-07 15:39:19.173  INFO 17808 --- [main] o.hibernate.annotations.common.Version   : HCANN000001: Hibernate Commons Annotations {5.1.2.Final}
2021-07-07 15:39:19.332  INFO 17808 --- [main] com.zaxxer.hikari.HikariDataSource       : HikariPool-1 - Starting...
2021-07-07 15:39:19.536  INFO 17808 --- [main] com.zaxxer.hikari.HikariDataSource       : HikariPool-1 - Start completed.
2021-07-07 15:39:19.554  INFO 17808 --- [main] org.hibernate.dialect.Dialect            : HHH000400: Using dialect: org.hibernate.dialect.PostgreSQLDialect
2021-07-07 15:39:20.328  INFO 17808 --- [main] o.h.e.t.j.p.i.JtaPlatformInitiator       : HHH000490: Using JtaPlatform implementation: [org.hibernate.engine.transaction.jta.platform.internal.NoJtaPlatform]
2021-07-07 15:39:20.336  INFO 17808 --- [main] j.LocalContainerEntityManagerFactoryBean : Initialized JPA EntityManagerFactory for persistence unit 'default'
2021-07-07 15:39:21.211  WARN 17808 --- [main] JpaBaseConfiguration$JpaWebConfiguration : spring.jpa.open-in-view is enabled by default. Therefore, database queries may be performed during view rendering. Explicitly configure spring.jpa.open-in-view to disable this warning
2021-07-07 15:39:21.565  INFO 17808 --- [main] pertySourcedRequestMappingHandlerMapping : Mapped URL path [/v2/api-docs] onto method [springfox.documentation.swagger2.web.Swagger2Controller#getDocumentation(String, HttpServletRequest)]
2021-07-07 15:39:21.569  INFO 17808 --- [main] com.cg.spring.boot.demo.SwaggerConfig    : Docket api
2021-07-07 15:39:22.301  INFO 17808 --- [main] d.s.w.p.DocumentationPluginsBootstrapper : Context refreshed
2021-07-07 15:39:22.321  INFO 17808 --- [main] d.s.w.p.DocumentationPluginsBootstrapper : Found 1 custom documentation plugin(s)
2021-07-07 15:39:22.359  INFO 17808 --- [main] s.d.s.w.s.ApiListingReferenceScanner     : Scanning for api listing references
2021-07-07 15:39:22.584  INFO 17808 --- [main] c.cg.spring.boot.demo.ApplicationTests   : Started ApplicationTests in 5.604 seconds (JVM running for 6.59)
2021-07-07 15:39:22.829  INFO 17808 --- [main] c.cg.spring.boot.demo.ApplicationTests   : testHello
2021-07-07 15:39:22.830  INFO 17808 --- [main] com.cg.spring.boot.demo.Hello            : Hello world! INFO
2021-07-07 15:39:22.830  INFO 17808 --- [main] c.cg.spring.boot.demo.ApplicationTests   : Hello world!
2021-07-07 15:39:22.830  INFO 17808 --- [main] c.cg.spring.boot.demo.ApplicationTests   : Hello
2021-07-07 15:39:22.854  INFO 17808 --- [main] c.cg.spring.boot.demo.ApplicationTests   : testHello
2021-07-07 15:39:22.855  INFO 17808 --- [main] com.cg.spring.boot.demo.Hello            : Hello world! INFO
2021-07-07 15:39:22.855  INFO 17808 --- [main] c.cg.spring.boot.demo.ApplicationTests   : Hello world!
2021-07-07 15:39:22.855  INFO 17808 --- [main] c.cg.spring.boot.demo.ApplicationTests   : abcd
2021-07-07 15:39:22.869  INFO 17808 --- [SpringApplicationShutdownHook] j.LocalContainerEntityManagerFactoryBean : Closing JPA EntityManagerFactory for persistence unit 'default'
2021-07-07 15:39:22.871  INFO 17808 --- [SpringApplicationShutdownHook] com.zaxxer.hikari.HikariDataSource       : HikariPool-1 - Shutdown initiated...
2021-07-07 15:39:22.875  INFO 17808 --- [SpringApplicationShutdownHook] com.zaxxer.hikari.HikariDataSource       : HikariPool-1 - Shutdown completed.
2021-07-07 15:39:55.213  INFO 15548 --- [main] c.cg.spring.boot.demo.ApplicationTests   : Starting ApplicationTests using Java 16.0.1 on DESKTOP-VSSUIEH with PID 15548 (started by darsh in C:\Users\darsh\Documents\workspace-spring-tool-suite-4-4.11.0.RELEASE\com.cg.spring.boot.demo.june2021-main)
2021-07-07 15:39:55.215  INFO 15548 --- [main] c.cg.spring.boot.demo.ApplicationTests   : No active profile set, falling back to default profiles: default
2021-07-07 15:39:56.058  INFO 15548 --- [main] .s.d.r.c.RepositoryConfigurationDelegate : Bootstrapping Spring Data JPA repositories in DEFAULT mode.
2021-07-07 15:39:56.119  INFO 15548 --- [main] .s.d.r.c.RepositoryConfigurationDelegate : Finished Spring Data repository scanning in 50 ms. Found 1 JPA repository interfaces.
2021-07-07 15:39:56.747  INFO 15548 --- [main] o.hibernate.jpa.internal.util.LogHelper  : HHH000204: Processing PersistenceUnitInfo [name: default]
2021-07-07 15:39:56.804  INFO 15548 --- [main] org.hibernate.Version                    : HHH000412: Hibernate ORM core version 5.4.32.Final
2021-07-07 15:39:56.930  INFO 15548 --- [main] o.hibernate.annotations.common.Version   : HCANN000001: Hibernate Commons Annotations {5.1.2.Final}
2021-07-07 15:39:57.080  INFO 15548 --- [main] com.zaxxer.hikari.HikariDataSource       : HikariPool-1 - Starting...
2021-07-07 15:39:57.282  INFO 15548 --- [main] com.zaxxer.hikari.HikariDataSource       : HikariPool-1 - Start completed.
2021-07-07 15:39:57.300  INFO 15548 --- [main] org.hibernate.dialect.Dialect            : HHH000400: Using dialect: org.hibernate.dialect.PostgreSQLDialect
2021-07-07 15:39:58.045  INFO 15548 --- [main] o.h.e.t.j.p.i.JtaPlatformInitiator       : HHH000490: Using JtaPlatform implementation: [org.hibernate.engine.transaction.jta.platform.internal.NoJtaPlatform]
2021-07-07 15:39:58.054  INFO 15548 --- [main] j.LocalContainerEntityManagerFactoryBean : Initialized JPA EntityManagerFactory for persistence unit 'default'
2021-07-07 15:39:58.880  WARN 15548 --- [main] JpaBaseConfiguration$JpaWebConfiguration : spring.jpa.open-in-view is enabled by default. Therefore, database queries may be performed during view rendering. Explicitly configure spring.jpa.open-in-view to disable this warning
2021-07-07 15:39:59.228  INFO 15548 --- [main] pertySourcedRequestMappingHandlerMapping : Mapped URL path [/v2/api-docs] onto method [springfox.documentation.swagger2.web.Swagger2Controller#getDocumentation(String, HttpServletRequest)]
2021-07-07 15:39:59.233  INFO 15548 --- [main] com.cg.spring.boot.demo.SwaggerConfig    : Docket api
2021-07-07 15:39:59.861  INFO 15548 --- [main] d.s.w.p.DocumentationPluginsBootstrapper : Context refreshed
2021-07-07 15:39:59.885  INFO 15548 --- [main] d.s.w.p.DocumentationPluginsBootstrapper : Found 1 custom documentation plugin(s)
2021-07-07 15:39:59.918  INFO 15548 --- [main] s.d.s.w.s.ApiListingReferenceScanner     : Scanning for api listing references
2021-07-07 15:40:00.174  INFO 15548 --- [main] c.cg.spring.boot.demo.ApplicationTests   : Started ApplicationTests in 5.263 seconds (JVM running for 6.255)
2021-07-07 15:40:00.417  INFO 15548 --- [main] c.cg.spring.boot.demo.ApplicationTests   : testHello
2021-07-07 15:40:00.418  INFO 15548 --- [main] com.cg.spring.boot.demo.Hello            : Hello world! INFO
2021-07-07 15:40:00.418  INFO 15548 --- [main] c.cg.spring.boot.demo.ApplicationTests   : Hello world!
2021-07-07 15:40:00.418  INFO 15548 --- [main] c.cg.spring.boot.demo.ApplicationTests   : Hello World!
2021-07-07 15:40:00.441  INFO 15548 --- [main] c.cg.spring.boot.demo.ApplicationTests   : testHello
2021-07-07 15:40:00.442  INFO 15548 --- [main] com.cg.spring.boot.demo.Hello            : Hello world! INFO
2021-07-07 15:40:00.442  INFO 15548 --- [main] c.cg.spring.boot.demo.ApplicationTests   : Hello world!
2021-07-07 15:40:00.442  INFO 15548 --- [main] c.cg.spring.boot.demo.ApplicationTests   : abcd
2021-07-07 15:40:00.453  INFO 15548 --- [SpringApplicationShutdownHook] j.LocalContainerEntityManagerFactoryBean : Closing JPA EntityManagerFactory for persistence unit 'default'
2021-07-07 15:40:00.455  INFO 15548 --- [SpringApplicationShutdownHook] com.zaxxer.hikari.HikariDataSource       : HikariPool-1 - Shutdown initiated...
2021-07-07 15:40:00.459  INFO 15548 --- [SpringApplicationShutdownHook] com.zaxxer.hikari.HikariDataSource       : HikariPool-1 - Shutdown completed.
2021-07-07 15:40:32.634  INFO 19288 --- [main] c.cg.spring.boot.demo.ApplicationTests   : Starting ApplicationTests using Java 16.0.1 on DESKTOP-VSSUIEH with PID 19288 (started by darsh in C:\Users\darsh\Documents\workspace-spring-tool-suite-4-4.11.0.RELEASE\com.cg.spring.boot.demo.june2021-main)
2021-07-07 15:40:32.636  INFO 19288 --- [main] c.cg.spring.boot.demo.ApplicationTests   : No active profile set, falling back to default profiles: default
2021-07-07 15:40:33.481  INFO 19288 --- [main] .s.d.r.c.RepositoryConfigurationDelegate : Bootstrapping Spring Data JPA repositories in DEFAULT mode.
2021-07-07 15:40:33.540  INFO 19288 --- [main] .s.d.r.c.RepositoryConfigurationDelegate : Finished Spring Data repository scanning in 50 ms. Found 1 JPA repository interfaces.
2021-07-07 15:40:34.164  INFO 19288 --- [main] o.hibernate.jpa.internal.util.LogHelper  : HHH000204: Processing PersistenceUnitInfo [name: default]
2021-07-07 15:40:34.231  INFO 19288 --- [main] org.hibernate.Version                    : HHH000412: Hibernate ORM core version 5.4.32.Final
2021-07-07 15:40:34.370  INFO 19288 --- [main] o.hibernate.annotations.common.Version   : HCANN000001: Hibernate Commons Annotations {5.1.2.Final}
2021-07-07 15:40:34.520  INFO 19288 --- [main] com.zaxxer.hikari.HikariDataSource       : HikariPool-1 - Starting...
2021-07-07 15:40:34.848  INFO 19288 --- [main] com.zaxxer.hikari.HikariDataSource       : HikariPool-1 - Start completed.
2021-07-07 15:40:34.865  INFO 19288 --- [main] org.hibernate.dialect.Dialect            : HHH000400: Using dialect: org.hibernate.dialect.PostgreSQLDialect
2021-07-07 15:40:35.634  INFO 19288 --- [main] o.h.e.t.j.p.i.JtaPlatformInitiator       : HHH000490: Using JtaPlatform implementation: [org.hibernate.engine.transaction.jta.platform.internal.NoJtaPlatform]
2021-07-07 15:40:35.642  INFO 19288 --- [main] j.LocalContainerEntityManagerFactoryBean : Initialized JPA EntityManagerFactory for persistence unit 'default'
2021-07-07 15:40:36.446  WARN 19288 --- [main] JpaBaseConfiguration$JpaWebConfiguration : spring.jpa.open-in-view is enabled by default. Therefore, database queries may be performed during view rendering. Explicitly configure spring.jpa.open-in-view to disable this warning
2021-07-07 15:40:36.779  INFO 19288 --- [main] pertySourcedRequestMappingHandlerMapping : Mapped URL path [/v2/api-docs] onto method [springfox.documentation.swagger2.web.Swagger2Controller#getDocumentation(String, HttpServletRequest)]
2021-07-07 15:40:36.783  INFO 19288 --- [main] com.cg.spring.boot.demo.SwaggerConfig    : Docket api
2021-07-07 15:40:37.407  INFO 19288 --- [main] d.s.w.p.DocumentationPluginsBootstrapper : Context refreshed
2021-07-07 15:40:37.431  INFO 19288 --- [main] d.s.w.p.DocumentationPluginsBootstrapper : Found 1 custom documentation plugin(s)
2021-07-07 15:40:37.471  INFO 19288 --- [main] s.d.s.w.s.ApiListingReferenceScanner     : Scanning for api listing references
2021-07-07 15:40:37.667  INFO 19288 --- [main] c.cg.spring.boot.demo.ApplicationTests   : Started ApplicationTests in 5.369 seconds (JVM running for 6.399)
2021-07-07 15:40:37.884  INFO 19288 --- [main] c.cg.spring.boot.demo.ApplicationTests   : testHello
2021-07-07 15:40:37.885  INFO 19288 --- [main] com.cg.spring.boot.demo.Hello            : Hello world! INFO
2021-07-07 15:40:37.885  INFO 19288 --- [main] c.cg.spring.boot.demo.ApplicationTests   : Hello world!
2021-07-07 15:40:37.885  INFO 19288 --- [main] c.cg.spring.boot.demo.ApplicationTests   : Hello world!
2021-07-07 15:40:37.909  INFO 19288 --- [main] c.cg.spring.boot.demo.ApplicationTests   : testHello
2021-07-07 15:40:37.909  INFO 19288 --- [main] com.cg.spring.boot.demo.Hello            : Hello world! INFO
2021-07-07 15:40:37.909  INFO 19288 --- [main] c.cg.spring.boot.demo.ApplicationTests   : Hello world!
2021-07-07 15:40:37.909  INFO 19288 --- [main] c.cg.spring.boot.demo.ApplicationTests   : abcd
2021-07-07 15:40:37.920  INFO 19288 --- [SpringApplicationShutdownHook] j.LocalContainerEntityManagerFactoryBean : Closing JPA EntityManagerFactory for persistence unit 'default'
2021-07-07 15:40:37.923  INFO 19288 --- [SpringApplicationShutdownHook] com.zaxxer.hikari.HikariDataSource       : HikariPool-1 - Shutdown initiated...
2021-07-07 15:40:37.927  INFO 19288 --- [SpringApplicationShutdownHook] com.zaxxer.hikari.HikariDataSource       : HikariPool-1 - Shutdown completed.
2021-07-07 15:41:00.416  INFO 8452 --- [main] c.cg.spring.boot.demo.ApplicationTests   : Starting ApplicationTests using Java 16.0.1 on DESKTOP-VSSUIEH with PID 8452 (started by darsh in C:\Users\darsh\Documents\workspace-spring-tool-suite-4-4.11.0.RELEASE\com.cg.spring.boot.demo.june2021-main)
2021-07-07 15:41:00.418  INFO 8452 --- [main] c.cg.spring.boot.demo.ApplicationTests   : No active profile set, falling back to default profiles: default
2021-07-07 15:41:01.270  INFO 8452 --- [main] .s.d.r.c.RepositoryConfigurationDelegate : Bootstrapping Spring Data JPA repositories in DEFAULT mode.
2021-07-07 15:41:01.332  INFO 8452 --- [main] .s.d.r.c.RepositoryConfigurationDelegate : Finished Spring Data repository scanning in 51 ms. Found 1 JPA repository interfaces.
2021-07-07 15:41:01.943  INFO 8452 --- [main] o.hibernate.jpa.internal.util.LogHelper  : HHH000204: Processing PersistenceUnitInfo [name: default]
2021-07-07 15:41:02.013  INFO 8452 --- [main] org.hibernate.Version                    : HHH000412: Hibernate ORM core version 5.4.32.Final
2021-07-07 15:41:02.141  INFO 8452 --- [main] o.hibernate.annotations.common.Version   : HCANN000001: Hibernate Commons Annotations {5.1.2.Final}
2021-07-07 15:41:02.293  INFO 8452 --- [main] com.zaxxer.hikari.HikariDataSource       : HikariPool-1 - Starting...
2021-07-07 15:41:02.500  INFO 8452 --- [main] com.zaxxer.hikari.HikariDataSource       : HikariPool-1 - Start completed.
2021-07-07 15:41:02.521  INFO 8452 --- [main] org.hibernate.dialect.Dialect            : HHH000400: Using dialect: org.hibernate.dialect.PostgreSQLDialect
2021-07-07 15:41:03.305  INFO 8452 --- [main] o.h.e.t.j.p.i.JtaPlatformInitiator       : HHH000490: Using JtaPlatform implementation: [org.hibernate.engine.transaction.jta.platform.internal.NoJtaPlatform]
2021-07-07 15:41:03.314  INFO 8452 --- [main] j.LocalContainerEntityManagerFactoryBean : Initialized JPA EntityManagerFactory for persistence unit 'default'
2021-07-07 15:41:04.122  WARN 8452 --- [main] JpaBaseConfiguration$JpaWebConfiguration : spring.jpa.open-in-view is enabled by default. Therefore, database queries may be performed during view rendering. Explicitly configure spring.jpa.open-in-view to disable this warning
2021-07-07 15:41:04.470  INFO 8452 --- [main] pertySourcedRequestMappingHandlerMapping : Mapped URL path [/v2/api-docs] onto method [springfox.documentation.swagger2.web.Swagger2Controller#getDocumentation(String, HttpServletRequest)]
2021-07-07 15:41:04.474  INFO 8452 --- [main] com.cg.spring.boot.demo.SwaggerConfig    : Docket api
2021-07-07 15:41:05.087  INFO 8452 --- [main] d.s.w.p.DocumentationPluginsBootstrapper : Context refreshed
2021-07-07 15:41:05.108  INFO 8452 --- [main] d.s.w.p.DocumentationPluginsBootstrapper : Found 1 custom documentation plugin(s)
2021-07-07 15:41:05.135  INFO 8452 --- [main] s.d.s.w.s.ApiListingReferenceScanner     : Scanning for api listing references
2021-07-07 15:41:05.369  INFO 8452 --- [main] c.cg.spring.boot.demo.ApplicationTests   : Started ApplicationTests in 5.269 seconds (JVM running for 6.328)
2021-07-07 15:41:05.604  INFO 8452 --- [main] c.cg.spring.boot.demo.ApplicationTests   : testHello
2021-07-07 15:41:05.605  INFO 8452 --- [main] com.cg.spring.boot.demo.Hello            : Hello world! INFO
2021-07-07 15:41:05.605  INFO 8452 --- [main] c.cg.spring.boot.demo.ApplicationTests   : Hello world!
2021-07-07 15:41:05.605  INFO 8452 --- [main] c.cg.spring.boot.demo.ApplicationTests   : Hello world!
2021-07-07 15:41:05.626  INFO 8452 --- [main] c.cg.spring.boot.demo.ApplicationTests   : testHello
2021-07-07 15:41:05.627  INFO 8452 --- [main] com.cg.spring.boot.demo.Hello            : Hello world! INFO
2021-07-07 15:41:05.627  INFO 8452 --- [main] c.cg.spring.boot.demo.ApplicationTests   : Hello world!
2021-07-07 15:41:05.627  INFO 8452 --- [main] c.cg.spring.boot.demo.ApplicationTests   : Hello world!
2021-07-07 15:41:05.640  INFO 8452 --- [SpringApplicationShutdownHook] j.LocalContainerEntityManagerFactoryBean : Closing JPA EntityManagerFactory for persistence unit 'default'
2021-07-07 15:41:05.643  INFO 8452 --- [SpringApplicationShutdownHook] com.zaxxer.hikari.HikariDataSource       : HikariPool-1 - Shutdown initiated...
2021-07-07 15:41:05.648  INFO 8452 --- [SpringApplicationShutdownHook] com.zaxxer.hikari.HikariDataSource       : HikariPool-1 - Shutdown completed.
2021-07-07 15:41:52.585  INFO 9684 --- [main] c.cg.spring.boot.demo.ApplicationTests   : Starting ApplicationTests using Java 16.0.1 on DESKTOP-VSSUIEH with PID 9684 (started by darsh in C:\Users\darsh\Documents\workspace-spring-tool-suite-4-4.11.0.RELEASE\com.cg.spring.boot.demo.june2021-main)
2021-07-07 15:41:52.587  INFO 9684 --- [main] c.cg.spring.boot.demo.ApplicationTests   : No active profile set, falling back to default profiles: default
2021-07-07 15:41:53.443  INFO 9684 --- [main] .s.d.r.c.RepositoryConfigurationDelegate : Bootstrapping Spring Data JPA repositories in DEFAULT mode.
2021-07-07 15:41:53.505  INFO 9684 --- [main] .s.d.r.c.RepositoryConfigurationDelegate : Finished Spring Data repository scanning in 50 ms. Found 1 JPA repository interfaces.
2021-07-07 15:41:54.131  INFO 9684 --- [main] o.hibernate.jpa.internal.util.LogHelper  : HHH000204: Processing PersistenceUnitInfo [name: default]
2021-07-07 15:41:54.195  INFO 9684 --- [main] org.hibernate.Version                    : HHH000412: Hibernate ORM core version 5.4.32.Final
2021-07-07 15:41:54.331  INFO 9684 --- [main] o.hibernate.annotations.common.Version   : HCANN000001: Hibernate Commons Annotations {5.1.2.Final}
2021-07-07 15:41:54.486  INFO 9684 --- [main] com.zaxxer.hikari.HikariDataSource       : HikariPool-1 - Starting...
2021-07-07 15:41:54.695  INFO 9684 --- [main] com.zaxxer.hikari.HikariDataSource       : HikariPool-1 - Start completed.
2021-07-07 15:41:54.717  INFO 9684 --- [main] org.hibernate.dialect.Dialect            : HHH000400: Using dialect: org.hibernate.dialect.PostgreSQLDialect
2021-07-07 15:41:55.460  INFO 9684 --- [main] o.h.e.t.j.p.i.JtaPlatformInitiator       : HHH000490: Using JtaPlatform implementation: [org.hibernate.engine.transaction.jta.platform.internal.NoJtaPlatform]
2021-07-07 15:41:55.469  INFO 9684 --- [main] j.LocalContainerEntityManagerFactoryBean : Initialized JPA EntityManagerFactory for persistence unit 'default'
2021-07-07 15:41:56.261  WARN 9684 --- [main] JpaBaseConfiguration$JpaWebConfiguration : spring.jpa.open-in-view is enabled by default. Therefore, database queries may be performed during view rendering. Explicitly configure spring.jpa.open-in-view to disable this warning
2021-07-07 15:41:56.599  INFO 9684 --- [main] pertySourcedRequestMappingHandlerMapping : Mapped URL path [/v2/api-docs] onto method [springfox.documentation.swagger2.web.Swagger2Controller#getDocumentation(String, HttpServletRequest)]
2021-07-07 15:41:56.603  INFO 9684 --- [main] com.cg.spring.boot.demo.SwaggerConfig    : Docket api
2021-07-07 15:41:57.223  INFO 9684 --- [main] d.s.w.p.DocumentationPluginsBootstrapper : Context refreshed
2021-07-07 15:41:57.247  INFO 9684 --- [main] d.s.w.p.DocumentationPluginsBootstrapper : Found 1 custom documentation plugin(s)
2021-07-07 15:41:57.277  INFO 9684 --- [main] s.d.s.w.s.ApiListingReferenceScanner     : Scanning for api listing references
2021-07-07 15:41:57.458  INFO 9684 --- [main] c.cg.spring.boot.demo.ApplicationTests   : Started ApplicationTests in 5.191 seconds (JVM running for 6.261)
2021-07-07 15:41:57.709  INFO 9684 --- [main] c.cg.spring.boot.demo.ApplicationTests   : testHello
2021-07-07 15:41:57.710  INFO 9684 --- [main] com.cg.spring.boot.demo.Hello            : Hello world! INFO
2021-07-07 15:41:57.710  INFO 9684 --- [main] c.cg.spring.boot.demo.ApplicationTests   : Hello world!
2021-07-07 15:41:57.710  INFO 9684 --- [main] c.cg.spring.boot.demo.ApplicationTests   : Hello world!
2021-07-07 15:41:57.730  INFO 9684 --- [main] c.cg.spring.boot.demo.ApplicationTests   : testHello
2021-07-07 15:41:57.730  INFO 9684 --- [main] com.cg.spring.boot.demo.Hello            : Hello world! INFO
2021-07-07 15:41:57.730  INFO 9684 --- [main] c.cg.spring.boot.demo.ApplicationTests   : Hello world!
2021-07-07 15:41:57.730  INFO 9684 --- [main] c.cg.spring.boot.demo.ApplicationTests   : Hello wold!
2021-07-07 15:41:57.743  INFO 9684 --- [SpringApplicationShutdownHook] j.LocalContainerEntityManagerFactoryBean : Closing JPA EntityManagerFactory for persistence unit 'default'
2021-07-07 15:41:57.746  INFO 9684 --- [SpringApplicationShutdownHook] com.zaxxer.hikari.HikariDataSource       : HikariPool-1 - Shutdown initiated...
2021-07-07 15:41:57.749  INFO 9684 --- [SpringApplicationShutdownHook] com.zaxxer.hikari.HikariDataSource       : HikariPool-1 - Shutdown completed.
2021-07-07 23:54:00.105  WARN 15204 --- [HikariPool-1 housekeeper] com.zaxxer.hikari.pool.HikariPool        : HikariPool-1 - Thread starvation or clock leap detected (housekeeper delta=4h20m15s111ms793s500ns).
